{"/home/risu/Documents/Code/nodejs/expressjs/outletPembukuanApi/src/app/db.ts": {"path":"/home/risu/Documents/Code/nodejs/expressjs/outletPembukuanApi/src/app/db.ts","statementMap":{"0":{"start":{"line":3,"column":18},"end":{"line":3,"column":36}}},"fnMap":{},"branchMap":{},"s":{"0":1},"f":{},"b":{},"_coverageSchema":"1a1c01bbd47fc00a2c39e90264f33305004495a9","hash":"7b2f02e7afd3ba32746695a9c119ef4d6ceba0da"}
,"/home/risu/Documents/Code/nodejs/expressjs/outletPembukuanApi/src/app/web.ts": {"path":"/home/risu/Documents/Code/nodejs/expressjs/outletPembukuanApi/src/app/web.ts","statementMap":{"0":{"start":{"line":6,"column":12},"end":{"line":6,"column":21}},"1":{"start":{"line":8,"column":0},"end":{"line":8,"column":24}},"2":{"start":{"line":9,"column":0},"end":{"line":9,"column":21}},"3":{"start":{"line":10,"column":0},"end":{"line":10,"column":19}},"4":{"start":{"line":12,"column":0},"end":{"line":12,"column":25}}},"fnMap":{},"branchMap":{},"s":{"0":1,"1":1,"2":1,"3":1,"4":1},"f":{},"b":{},"_coverageSchema":"1a1c01bbd47fc00a2c39e90264f33305004495a9","hash":"f7e3d40111d4f97e5345f6c5fb13b2c8abf0769f"}
,"/home/risu/Documents/Code/nodejs/expressjs/outletPembukuanApi/src/controllers/user-controller.ts": {"path":"/home/risu/Documents/Code/nodejs/expressjs/outletPembukuanApi/src/controllers/user-controller.ts","statementMap":{"0":{"start":{"line":5,"column":38},"end":{"line":12,"column":1}},"1":{"start":{"line":6,"column":2},"end":{"line":11,"column":3}},"2":{"start":{"line":7,"column":17},"end":{"line":7,"column":48}},"3":{"start":{"line":8,"column":4},"end":{"line":8,"column":41}},"4":{"start":{"line":10,"column":4},"end":{"line":10,"column":12}},"5":{"start":{"line":14,"column":35},"end":{"line":21,"column":1}},"6":{"start":{"line":15,"column":2},"end":{"line":20,"column":3}},"7":{"start":{"line":16,"column":18},"end":{"line":16,"column":46}},"8":{"start":{"line":17,"column":4},"end":{"line":17,"column":42}},"9":{"start":{"line":19,"column":4},"end":{"line":19,"column":12}},"10":{"start":{"line":23,"column":36},"end":{"line":30,"column":1}},"11":{"start":{"line":24,"column":2},"end":{"line":29,"column":3}},"12":{"start":{"line":25,"column":4},"end":{"line":25,"column":34}},"13":{"start":{"line":26,"column":4},"end":{"line":26,"column":45}},"14":{"start":{"line":28,"column":4},"end":{"line":28,"column":12}},"15":{"start":{"line":32,"column":33},"end":{"line":39,"column":1}},"16":{"start":{"line":33,"column":2},"end":{"line":38,"column":3}},"17":{"start":{"line":34,"column":23},"end":{"line":34,"column":60}},"18":{"start":{"line":35,"column":4},"end":{"line":35,"column":41}},"19":{"start":{"line":37,"column":4},"end":{"line":37,"column":12}},"20":{"start":{"line":41,"column":36},"end":{"line":48,"column":1}},"21":{"start":{"line":42,"column":2},"end":{"line":47,"column":3}},"22":{"start":{"line":43,"column":23},"end":{"line":43,"column":73}},"23":{"start":{"line":44,"column":4},"end":{"line":44,"column":41}},"24":{"start":{"line":46,"column":4},"end":{"line":46,"column":12}}},"fnMap":{"0":{"name":"(anonymous_0)","decl":{"start":{"line":5,"column":38},"end":{"line":5,"column":39}},"loc":{"start":{"line":5,"column":64},"end":{"line":12,"column":1}},"line":5},"1":{"name":"(anonymous_1)","decl":{"start":{"line":14,"column":35},"end":{"line":14,"column":36}},"loc":{"start":{"line":14,"column":61},"end":{"line":21,"column":1}},"line":14},"2":{"name":"(anonymous_2)","decl":{"start":{"line":23,"column":36},"end":{"line":23,"column":37}},"loc":{"start":{"line":23,"column":62},"end":{"line":30,"column":1}},"line":23},"3":{"name":"(anonymous_3)","decl":{"start":{"line":32,"column":33},"end":{"line":32,"column":34}},"loc":{"start":{"line":32,"column":59},"end":{"line":39,"column":1}},"line":32},"4":{"name":"(anonymous_4)","decl":{"start":{"line":41,"column":36},"end":{"line":41,"column":37}},"loc":{"start":{"line":41,"column":62},"end":{"line":48,"column":1}},"line":41}},"branchMap":{},"s":{"0":1,"1":5,"2":5,"3":2,"4":3,"5":1,"6":10,"7":10,"8":7,"9":3,"10":1,"11":1,"12":1,"13":1,"14":0,"15":1,"16":1,"17":1,"18":1,"19":0,"20":1,"21":4,"22":4,"23":3,"24":1},"f":{"0":5,"1":10,"2":1,"3":1,"4":4},"b":{},"_coverageSchema":"1a1c01bbd47fc00a2c39e90264f33305004495a9","hash":"8ab1d134f46ade76b0fa8b26137417f0e0d4fc45"}
,"/home/risu/Documents/Code/nodejs/expressjs/outletPembukuanApi/src/errors/response-error.ts": {"path":"/home/risu/Documents/Code/nodejs/expressjs/outletPembukuanApi/src/errors/response-error.ts","statementMap":{"0":{"start":{"line":4,"column":4},"end":{"line":4,"column":19}},"1":{"start":{"line":5,"column":4},"end":{"line":5,"column":25}}},"fnMap":{"0":{"name":"(anonymous_0)","decl":{"start":{"line":3,"column":2},"end":{"line":3,"column":3}},"loc":{"start":{"line":3,"column":47},"end":{"line":6,"column":3}},"line":3}},"branchMap":{},"s":{"0":9,"1":9},"f":{"0":9},"b":{},"_coverageSchema":"1a1c01bbd47fc00a2c39e90264f33305004495a9","hash":"0a8ad0fb35cc7b7e6dec170422acb580c8b37126"}
,"/home/risu/Documents/Code/nodejs/expressjs/outletPembukuanApi/src/middleware/auth-middleware.ts": {"path":"/home/risu/Documents/Code/nodejs/expressjs/outletPembukuanApi/src/middleware/auth-middleware.ts","statementMap":{"0":{"start":{"line":6,"column":30},"end":{"line":27,"column":1}},"1":{"start":{"line":11,"column":21},"end":{"line":11,"column":49}},"2":{"start":{"line":12,"column":16},"end":{"line":12,"column":41}},"3":{"start":{"line":14,"column":2},"end":{"line":14,"column":59}},"4":{"start":{"line":14,"column":14},"end":{"line":14,"column":59}},"5":{"start":{"line":15,"column":19},"end":{"line":15,"column":58}},"6":{"start":{"line":16,"column":2},"end":{"line":16,"column":73}},"7":{"start":{"line":16,"column":28},"end":{"line":16,"column":73}},"8":{"start":{"line":18,"column":2},"end":{"line":26,"column":4}},"9":{"start":{"line":22,"column":6},"end":{"line":22,"column":57}},"10":{"start":{"line":22,"column":15},"end":{"line":22,"column":57}},"11":{"start":{"line":23,"column":6},"end":{"line":23,"column":30}},"12":{"start":{"line":24,"column":6},"end":{"line":24,"column":13}}},"fnMap":{"0":{"name":"(anonymous_0)","decl":{"start":{"line":6,"column":30},"end":{"line":6,"column":31}},"loc":{"start":{"line":10,"column":11},"end":{"line":27,"column":1}},"line":10},"1":{"name":"(anonymous_1)","decl":{"start":{"line":21,"column":4},"end":{"line":21,"column":5}},"loc":{"start":{"line":21,"column":19},"end":{"line":25,"column":5}},"line":21}},"branchMap":{"0":{"loc":{"start":{"line":14,"column":2},"end":{"line":14,"column":59}},"type":"if","locations":[{"start":{"line":14,"column":2},"end":{"line":14,"column":59}},{"start":{},"end":{}}],"line":14},"1":{"loc":{"start":{"line":16,"column":2},"end":{"line":16,"column":73}},"type":"if","locations":[{"start":{"line":16,"column":2},"end":{"line":16,"column":73}},{"start":{},"end":{}}],"line":16},"2":{"loc":{"start":{"line":22,"column":6},"end":{"line":22,"column":57}},"type":"if","locations":[{"start":{"line":22,"column":6},"end":{"line":22,"column":57}},{"start":{},"end":{}}],"line":22}},"s":{"0":1,"1":8,"2":8,"3":8,"4":1,"5":7,"6":7,"7":0,"8":7,"9":7,"10":1,"11":6,"12":6},"f":{"0":8,"1":7},"b":{"0":[1,7],"1":[0,7],"2":[1,6]},"_coverageSchema":"1a1c01bbd47fc00a2c39e90264f33305004495a9","hash":"f232ebd4bdc0e6817d09046cdaa5c56759cf8338"}
,"/home/risu/Documents/Code/nodejs/expressjs/outletPembukuanApi/src/middleware/error-middleware.ts": {"path":"/home/risu/Documents/Code/nodejs/expressjs/outletPembukuanApi/src/middleware/error-middleware.ts","statementMap":{"0":{"start":{"line":3,"column":52},"end":{"line":18,"column":1}},"1":{"start":{"line":9,"column":2},"end":{"line":12,"column":3}},"2":{"start":{"line":10,"column":4},"end":{"line":10,"column":11}},"3":{"start":{"line":11,"column":4},"end":{"line":11,"column":11}},"4":{"start":{"line":13,"column":2},"end":{"line":17,"column":3}},"5":{"start":{"line":14,"column":4},"end":{"line":14,"column":62}},"6":{"start":{"line":16,"column":4},"end":{"line":16,"column":49}}},"fnMap":{"0":{"name":"(anonymous_0)","decl":{"start":{"line":3,"column":52},"end":{"line":3,"column":53}},"loc":{"start":{"line":8,"column":11},"end":{"line":18,"column":1}},"line":8}},"branchMap":{"0":{"loc":{"start":{"line":9,"column":2},"end":{"line":12,"column":3}},"type":"if","locations":[{"start":{"line":9,"column":2},"end":{"line":12,"column":3}},{"start":{},"end":{}}],"line":9},"1":{"loc":{"start":{"line":13,"column":2},"end":{"line":17,"column":3}},"type":"if","locations":[{"start":{"line":13,"column":2},"end":{"line":17,"column":3}},{"start":{"line":15,"column":9},"end":{"line":17,"column":3}}],"line":13}},"s":{"0":1,"1":9,"2":0,"3":0,"4":9,"5":9,"6":0},"f":{"0":9},"b":{"0":[0,9],"1":[9,0]},"_coverageSchema":"1a1c01bbd47fc00a2c39e90264f33305004495a9","hash":"b12aff9d3d167d9a8a43d9b3bd872ecfabcb2303"}
,"/home/risu/Documents/Code/nodejs/expressjs/outletPembukuanApi/src/routes/api.ts": {"path":"/home/risu/Documents/Code/nodejs/expressjs/outletPembukuanApi/src/routes/api.ts","statementMap":{"0":{"start":{"line":5,"column":18},"end":{"line":5,"column":26}},"1":{"start":{"line":6,"column":0},"end":{"line":6,"column":30}},"2":{"start":{"line":8,"column":0},"end":{"line":8,"column":60}},"3":{"start":{"line":9,"column":0},"end":{"line":9,"column":55}},"4":{"start":{"line":10,"column":0},"end":{"line":10,"column":60}}},"fnMap":{},"branchMap":{},"s":{"0":1,"1":1,"2":1,"3":1,"4":1},"f":{},"b":{},"_coverageSchema":"1a1c01bbd47fc00a2c39e90264f33305004495a9","hash":"3b3aa1a0c01aabccd9b2f5f19f9ce73a45df3a81"}
,"/home/risu/Documents/Code/nodejs/expressjs/outletPembukuanApi/src/routes/public-api.ts": {"path":"/home/risu/Documents/Code/nodejs/expressjs/outletPembukuanApi/src/routes/public-api.ts","statementMap":{"0":{"start":{"line":4,"column":20},"end":{"line":4,"column":28}},"1":{"start":{"line":6,"column":0},"end":{"line":6,"column":64}},"2":{"start":{"line":7,"column":0},"end":{"line":7,"column":58}}},"fnMap":{},"branchMap":{},"s":{"0":1,"1":1,"2":1},"f":{},"b":{},"_coverageSchema":"1a1c01bbd47fc00a2c39e90264f33305004495a9","hash":"03a1f0ed26e130c64320aecaa915773dffdd96c0"}
,"/home/risu/Documents/Code/nodejs/expressjs/outletPembukuanApi/src/services/user-service.ts": {"path":"/home/risu/Documents/Code/nodejs/expressjs/outletPembukuanApi/src/services/user-service.ts","statementMap":{"0":{"start":{"line":22,"column":17},"end":{"line":46,"column":1}},"1":{"start":{"line":25,"column":26},"end":{"line":28,"column":16}},"2":{"start":{"line":30,"column":24},"end":{"line":34,"column":4}},"3":{"start":{"line":36,"column":2},"end":{"line":36,"column":76}},"4":{"start":{"line":36,"column":19},"end":{"line":36,"column":76}},"5":{"start":{"line":38,"column":2},"end":{"line":38,"column":55}},"6":{"start":{"line":39,"column":2},"end":{"line":45,"column":5}},"7":{"start":{"line":51,"column":14},"end":{"line":92,"column":1}},"8":{"start":{"line":54,"column":32},"end":{"line":57,"column":17}},"9":{"start":{"line":59,"column":15},"end":{"line":68,"column":4}},"10":{"start":{"line":69,"column":2},"end":{"line":69,"column":69}},"11":{"start":{"line":69,"column":13},"end":{"line":69,"column":69}},"12":{"start":{"line":70,"column":18},"end":{"line":70,"column":73}},"13":{"start":{"line":71,"column":2},"end":{"line":71,"column":72}},"14":{"start":{"line":71,"column":16},"end":{"line":71,"column":72}},"15":{"start":{"line":73,"column":23},"end":{"line":77,"column":3}},"16":{"start":{"line":78,"column":24},"end":{"line":81,"column":3}},"17":{"start":{"line":83,"column":2},"end":{"line":90,"column":5}},"18":{"start":{"line":91,"column":2},"end":{"line":91,"column":41}},"19":{"start":{"line":94,"column":15},"end":{"line":104,"column":1}},"20":{"start":{"line":95,"column":15},"end":{"line":95,"column":23}},"21":{"start":{"line":96,"column":2},"end":{"line":103,"column":5}},"22":{"start":{"line":106,"column":12},"end":{"line":118,"column":1}},"23":{"start":{"line":107,"column":2},"end":{"line":107,"column":45}},"24":{"start":{"line":108,"column":15},"end":{"line":116,"column":13}},"25":{"start":{"line":117,"column":2},"end":{"line":117,"column":14}},"26":{"start":{"line":120,"column":15},"end":{"line":152,"column":1}},"27":{"start":{"line":121,"column":19},"end":{"line":121,"column":51}},"28":{"start":{"line":123,"column":15},"end":{"line":130,"column":4}},"29":{"start":{"line":131,"column":2},"end":{"line":131,"column":58}},"30":{"start":{"line":131,"column":13},"end":{"line":131,"column":58}},"31":{"start":{"line":132,"column":2},"end":{"line":138,"column":3}},"32":{"start":{"line":133,"column":41},"end":{"line":133,"column":66}},"33":{"start":{"line":134,"column":4},"end":{"line":134,"column":37}},"34":{"start":{"line":135,"column":20},"end":{"line":135,"column":68}},"35":{"start":{"line":136,"column":4},"end":{"line":136,"column":65}},"36":{"start":{"line":136,"column":18},"end":{"line":136,"column":65}},"37":{"start":{"line":137,"column":4},"end":{"line":137,"column":61}},"38":{"start":{"line":139,"column":18},"end":{"line":150,"column":4}},"39":{"start":{"line":151,"column":2},"end":{"line":151,"column":17}}},"fnMap":{"0":{"name":"(anonymous_0)","decl":{"start":{"line":22,"column":17},"end":{"line":22,"column":18}},"loc":{"start":{"line":24,"column":51},"end":{"line":46,"column":1}},"line":24},"1":{"name":"(anonymous_1)","decl":{"start":{"line":51,"column":14},"end":{"line":51,"column":15}},"loc":{"start":{"line":53,"column":63},"end":{"line":92,"column":1}},"line":53},"2":{"name":"(anonymous_2)","decl":{"start":{"line":94,"column":15},"end":{"line":94,"column":16}},"loc":{"start":{"line":94,"column":54},"end":{"line":104,"column":1}},"line":94},"3":{"name":"(anonymous_3)","decl":{"start":{"line":106,"column":12},"end":{"line":106,"column":13}},"loc":{"start":{"line":106,"column":52},"end":{"line":118,"column":1}},"line":106},"4":{"name":"(anonymous_4)","decl":{"start":{"line":120,"column":15},"end":{"line":120,"column":16}},"loc":{"start":{"line":120,"column":77},"end":{"line":152,"column":1}},"line":120}},"branchMap":{"0":{"loc":{"start":{"line":36,"column":2},"end":{"line":36,"column":76}},"type":"if","locations":[{"start":{"line":36,"column":2},"end":{"line":36,"column":76}},{"start":{},"end":{}}],"line":36},"1":{"loc":{"start":{"line":69,"column":2},"end":{"line":69,"column":69}},"type":"if","locations":[{"start":{"line":69,"column":2},"end":{"line":69,"column":69}},{"start":{},"end":{}}],"line":69},"2":{"loc":{"start":{"line":71,"column":2},"end":{"line":71,"column":72}},"type":"if","locations":[{"start":{"line":71,"column":2},"end":{"line":71,"column":72}},{"start":{},"end":{}}],"line":71},"3":{"loc":{"start":{"line":131,"column":2},"end":{"line":131,"column":58}},"type":"if","locations":[{"start":{"line":131,"column":2},"end":{"line":131,"column":58}},{"start":{},"end":{}}],"line":131},"4":{"loc":{"start":{"line":132,"column":2},"end":{"line":138,"column":3}},"type":"if","locations":[{"start":{"line":132,"column":2},"end":{"line":138,"column":3}},{"start":{},"end":{}}],"line":132},"5":{"loc":{"start":{"line":136,"column":4},"end":{"line":136,"column":65}},"type":"if","locations":[{"start":{"line":136,"column":4},"end":{"line":136,"column":65}},{"start":{},"end":{}}],"line":136}},"s":{"0":1,"1":5,"2":3,"3":3,"4":1,"5":2,"6":2,"7":1,"8":10,"9":9,"10":9,"11":1,"12":8,"13":8,"14":1,"15":7,"16":7,"17":7,"18":7,"19":1,"20":1,"21":1,"22":1,"23":1,"24":1,"25":1,"26":1,"27":4,"28":4,"29":4,"30":0,"31":4,"32":2,"33":2,"34":2,"35":2,"36":1,"37":1,"38":3,"39":3},"f":{"0":5,"1":10,"2":1,"3":1,"4":4},"b":{"0":[1,2],"1":[1,8],"2":[1,7],"3":[0,4],"4":[2,2],"5":[1,1]},"_coverageSchema":"1a1c01bbd47fc00a2c39e90264f33305004495a9","hash":"18309fb6f92530e11992757cd2584f95eaf8a11b"}
,"/home/risu/Documents/Code/nodejs/expressjs/outletPembukuanApi/src/validation/user-validation.ts": {"path":"/home/risu/Documents/Code/nodejs/expressjs/outletPembukuanApi/src/validation/user-validation.ts","statementMap":{"0":{"start":{"line":3,"column":34},"end":{"line":7,"column":2}},"1":{"start":{"line":9,"column":31},"end":{"line":12,"column":2}},"2":{"start":{"line":14,"column":33},"end":{"line":14,"column":65}},"3":{"start":{"line":16,"column":32},"end":{"line":25,"column":2}}},"fnMap":{},"branchMap":{},"s":{"0":1,"1":1,"2":1,"3":1},"f":{},"b":{},"_coverageSchema":"1a1c01bbd47fc00a2c39e90264f33305004495a9","hash":"050fff6571b5ed6544f2bfa61e429784e27bc2f9"}
,"/home/risu/Documents/Code/nodejs/expressjs/outletPembukuanApi/src/validation/validation.ts": {"path":"/home/risu/Documents/Code/nodejs/expressjs/outletPembukuanApi/src/validation/validation.ts","statementMap":{"0":{"start":{"line":3,"column":24},"end":{"line":13,"column":1}},"1":{"start":{"line":4,"column":14},"end":{"line":7,"column":4}},"2":{"start":{"line":8,"column":2},"end":{"line":12,"column":3}},"3":{"start":{"line":9,"column":4},"end":{"line":9,"column":21}},"4":{"start":{"line":11,"column":4},"end":{"line":11,"column":52}}},"fnMap":{"0":{"name":"(anonymous_0)","decl":{"start":{"line":3,"column":24},"end":{"line":3,"column":25}},"loc":{"start":{"line":3,"column":59},"end":{"line":13,"column":1}},"line":3}},"branchMap":{"0":{"loc":{"start":{"line":8,"column":2},"end":{"line":12,"column":3}},"type":"if","locations":[{"start":{"line":8,"column":2},"end":{"line":12,"column":3}},{"start":{"line":10,"column":9},"end":{"line":12,"column":3}}],"line":8}},"s":{"0":1,"1":20,"2":20,"3":17,"4":3},"f":{"0":20},"b":{"0":[17,3]},"_coverageSchema":"1a1c01bbd47fc00a2c39e90264f33305004495a9","hash":"8ca867e715a982cdfd7afd676c23cd95a354a064"}
,"/home/risu/Documents/Code/nodejs/expressjs/outletPembukuanApi/tests/utils/user-test-utils.ts": {"path":"/home/risu/Documents/Code/nodejs/expressjs/outletPembukuanApi/tests/utils/user-test-utils.ts","statementMap":{"0":{"start":{"line":7,"column":26},"end":{"line":15,"column":1}},"1":{"start":{"line":10,"column":2},"end":{"line":14,"column":5}},"2":{"start":{"line":17,"column":23},"end":{"line":25,"column":1}},"3":{"start":{"line":18,"column":2},"end":{"line":24,"column":5}},"4":{"start":{"line":27,"column":23},"end":{"line":40,"column":1}},"5":{"start":{"line":28,"column":2},"end":{"line":39,"column":30}},"6":{"start":{"line":42,"column":29},"end":{"line":52,"column":1}},"7":{"start":{"line":46,"column":14},"end":{"line":49,"column":4}},"8":{"start":{"line":51,"column":2},"end":{"line":51,"column":23}},"9":{"start":{"line":54,"column":21},"end":{"line":60,"column":1}},"10":{"start":{"line":55,"column":2},"end":{"line":59,"column":5}},"11":{"start":{"line":56,"column":4},"end":{"line":58,"column":19}},"12":{"start":{"line":57,"column":6},"end":{"line":57,"column":16}}},"fnMap":{"0":{"name":"(anonymous_0)","decl":{"start":{"line":7,"column":26},"end":{"line":7,"column":27}},"loc":{"start":{"line":9,"column":20},"end":{"line":15,"column":1}},"line":9},"1":{"name":"(anonymous_1)","decl":{"start":{"line":17,"column":23},"end":{"line":17,"column":24}},"loc":{"start":{"line":17,"column":50},"end":{"line":25,"column":1}},"line":17},"2":{"name":"(anonymous_2)","decl":{"start":{"line":27,"column":23},"end":{"line":27,"column":24}},"loc":{"start":{"line":27,"column":66},"end":{"line":40,"column":1}},"line":27},"3":{"name":"(anonymous_3)","decl":{"start":{"line":42,"column":29},"end":{"line":42,"column":30}},"loc":{"start":{"line":45,"column":6},"end":{"line":52,"column":1}},"line":45},"4":{"name":"(anonymous_4)","decl":{"start":{"line":54,"column":21},"end":{"line":54,"column":22}},"loc":{"start":{"line":54,"column":59},"end":{"line":60,"column":1}},"line":54},"5":{"name":"(anonymous_5)","decl":{"start":{"line":55,"column":21},"end":{"line":55,"column":22}},"loc":{"start":{"line":55,"column":34},"end":{"line":59,"column":3}},"line":55},"6":{"name":"(anonymous_6)","decl":{"start":{"line":56,"column":15},"end":{"line":56,"column":16}},"loc":{"start":{"line":56,"column":21},"end":{"line":58,"column":5}},"line":56}},"branchMap":{"0":{"loc":{"start":{"line":8,"column":2},"end":{"line":8,"column":34}},"type":"default-arg","locations":[{"start":{"line":8,"column":18},"end":{"line":8,"column":34}}],"line":8}},"s":{"0":1,"1":20,"2":1,"3":12,"4":1,"5":10,"6":1,"7":6,"8":6,"9":1,"10":4,"11":4,"12":4},"f":{"0":20,"1":12,"2":10,"3":6,"4":4,"5":4,"6":4},"b":{"0":[16]},"_coverageSchema":"1a1c01bbd47fc00a2c39e90264f33305004495a9","hash":"1e24bd28aac83d6b197093e598da8b60ab2fb0c7"}
}
