TN:
SF:src/app/db.ts
FNF:0
FNH:0
DA:3,1
LF:1
LH:1
BRF:0
BRH:0
end_of_record
TN:
SF:src/app/web.ts
FNF:0
FNH:0
DA:6,1
DA:8,1
DA:9,1
DA:10,1
DA:12,1
LF:5
LH:5
BRF:0
BRH:0
end_of_record
TN:
SF:src/controllers/user-controller.ts
FN:5,(anonymous_0)
FN:14,(anonymous_1)
FN:23,(anonymous_2)
FN:32,(anonymous_3)
FN:41,(anonymous_4)
FNF:5
FNH:5
FNDA:5,(anonymous_0)
FNDA:10,(anonymous_1)
FNDA:1,(anonymous_2)
FNDA:1,(anonymous_3)
FNDA:4,(anonymous_4)
DA:5,1
DA:6,5
DA:7,5
DA:8,2
DA:10,3
DA:14,1
DA:15,10
DA:16,10
DA:17,7
DA:19,3
DA:23,1
DA:24,1
DA:25,1
DA:26,1
DA:28,0
DA:32,1
DA:33,1
DA:34,1
DA:35,1
DA:37,0
DA:41,1
DA:42,4
DA:43,4
DA:44,3
DA:46,1
LF:25
LH:23
BRF:0
BRH:0
end_of_record
TN:
SF:src/errors/response-error.ts
FN:3,(anonymous_0)
FNF:1
FNH:1
FNDA:9,(anonymous_0)
DA:4,9
DA:5,9
LF:2
LH:2
BRF:0
BRH:0
end_of_record
TN:
SF:src/middleware/auth-middleware.ts
FN:6,(anonymous_0)
FN:21,(anonymous_1)
FNF:2
FNH:2
FNDA:8,(anonymous_0)
FNDA:7,(anonymous_1)
DA:6,1
DA:11,8
DA:12,8
DA:14,8
DA:15,7
DA:16,7
DA:18,7
DA:22,7
DA:23,6
DA:24,6
LF:10
LH:10
BRDA:14,0,0,1
BRDA:14,0,1,7
BRDA:16,1,0,0
BRDA:16,1,1,7
BRDA:22,2,0,1
BRDA:22,2,1,6
BRF:6
BRH:5
end_of_record
TN:
SF:src/middleware/error-middleware.ts
FN:3,(anonymous_0)
FNF:1
FNH:1
FNDA:9,(anonymous_0)
DA:3,1
DA:9,9
DA:10,0
DA:11,0
DA:13,9
DA:14,9
DA:16,0
LF:7
LH:4
BRDA:9,0,0,0
BRDA:9,0,1,9
BRDA:13,1,0,9
BRDA:13,1,1,0
BRF:4
BRH:2
end_of_record
TN:
SF:src/routes/api.ts
FNF:0
FNH:0
DA:5,1
DA:6,1
DA:8,1
DA:9,1
DA:10,1
LF:5
LH:5
BRF:0
BRH:0
end_of_record
TN:
SF:src/routes/public-api.ts
FNF:0
FNH:0
DA:4,1
DA:6,1
DA:7,1
LF:3
LH:3
BRF:0
BRH:0
end_of_record
TN:
SF:src/services/user-service.ts
FN:22,(anonymous_0)
FN:51,(anonymous_1)
FN:94,(anonymous_2)
FN:106,(anonymous_3)
FN:120,(anonymous_4)
FNF:5
FNH:5
FNDA:5,(anonymous_0)
FNDA:10,(anonymous_1)
FNDA:1,(anonymous_2)
FNDA:1,(anonymous_3)
FNDA:4,(anonymous_4)
DA:22,1
DA:25,5
DA:30,3
DA:36,3
DA:38,2
DA:39,2
DA:51,1
DA:54,10
DA:59,9
DA:69,9
DA:70,8
DA:71,8
DA:73,7
DA:78,7
DA:83,7
DA:91,7
DA:94,1
DA:95,1
DA:96,1
DA:106,1
DA:107,1
DA:108,1
DA:117,1
DA:120,1
DA:121,4
DA:123,4
DA:131,4
DA:132,4
DA:133,2
DA:134,2
DA:135,2
DA:136,2
DA:137,1
DA:139,3
DA:151,3
LF:35
LH:35
BRDA:36,0,0,1
BRDA:36,0,1,2
BRDA:69,1,0,1
BRDA:69,1,1,8
BRDA:71,2,0,1
BRDA:71,2,1,7
BRDA:131,3,0,0
BRDA:131,3,1,4
BRDA:132,4,0,2
BRDA:132,4,1,2
BRDA:136,5,0,1
BRDA:136,5,1,1
BRF:12
BRH:11
end_of_record
TN:
SF:src/validation/user-validation.ts
FNF:0
FNH:0
DA:3,1
DA:9,1
DA:14,1
DA:16,1
LF:4
LH:4
BRF:0
BRH:0
end_of_record
TN:
SF:src/validation/validation.ts
FN:3,(anonymous_0)
FNF:1
FNH:1
FNDA:20,(anonymous_0)
DA:3,1
DA:4,20
DA:8,20
DA:9,17
DA:11,3
LF:5
LH:5
BRDA:8,0,0,17
BRDA:8,0,1,3
BRF:2
BRH:2
end_of_record
TN:
SF:tests/utils/user-test-utils.ts
FN:7,(anonymous_0)
FN:17,(anonymous_1)
FN:27,(anonymous_2)
FN:42,(anonymous_3)
FN:54,(anonymous_4)
FN:55,(anonymous_5)
FN:56,(anonymous_6)
FNF:7
FNH:7
FNDA:20,(anonymous_0)
FNDA:12,(anonymous_1)
FNDA:10,(anonymous_2)
FNDA:6,(anonymous_3)
FNDA:4,(anonymous_4)
FNDA:4,(anonymous_5)
FNDA:4,(anonymous_6)
DA:7,1
DA:10,20
DA:17,1
DA:18,12
DA:27,1
DA:28,10
DA:42,1
DA:46,6
DA:51,6
DA:54,1
DA:55,4
DA:56,4
DA:57,4
LF:13
LH:13
BRDA:8,0,0,16
BRF:1
BRH:1
end_of_record
